Using pre-set license
Built from '2021.1/staging' branch; Version is '2021.1.3f1 (4bef613afd59) revision 4976481'; Using compiler version '192528614'; Build Type 'Release'
OS: 'Windows 10 Home Single Language; OS build 19041.928; Version 2004; 64bit' Language: 'ru' Physical Memory: 7997 MB
BatchMode: 1, IsHumanControllingUs: 0, StartBugReporterOnCrash: 0, Is64bit: 1, IsPro: 0

 COMMAND LINE ARGUMENTS:
D:\Unity\2021.1.3f1\Editor\Unity.exe
-adb2
-batchMode
-noUpm
-name
AssetImportWorker0
-projectPath
C:/Users/Asus/OneDrive/Рабочий стол/AllWithUnity/CreateWithScripts/Labyrinth For Ball
-logFile
Logs/AssetImportWorker0.log
-srvPort
63284
Successfully changed project path to: C:/Users/Asus/OneDrive/Рабочий стол/AllWithUnity/CreateWithScripts/Labyrinth For Ball
C:/Users/Asus/OneDrive/Рабочий стол/AllWithUnity/CreateWithScripts/Labyrinth For Ball
Using Asset Import Pipeline V2.
Refreshing native plugins compatible for Editor in 27.78 ms, found 0 plugins.
Preloading 0 native plugins for Editor in 0.00 ms.
Initialize engine version: 2021.1.3f1 (4bef613afd59)
[Subsystems] Discovering subsystems at path D:/Unity/2021.1.3f1/Editor/Data/Resources/UnitySubsystems
[Subsystems] Discovering subsystems at path C:/Users/Asus/OneDrive/Рабочий стол/AllWithUnity/CreateWithScripts/Labyrinth For Ball/Assets
GfxDevice: creating device client; threaded=0; jobified=0
Direct3D:
    Version:  Direct3D 11.0 [level 11.1]
    Renderer: NVIDIA GeForce GTX 1650 (ID=0x1f91)
    Vendor:   NVIDIA
    VRAM:     3962 MB
    Driver:   27.21.14.6140
Initialize mono
Mono path[0] = 'D:/Unity/2021.1.3f1/Editor/Data/Managed'
Mono path[1] = 'D:/Unity/2021.1.3f1/Editor/Data/MonoBleedingEdge/lib/mono/unityjit'
Mono config path = 'D:/Unity/2021.1.3f1/Editor/Data/MonoBleedingEdge/etc'
Using monoOptions --debugger-agent=transport=dt_socket,embedding=1,server=y,suspend=n,address=127.0.0.1:56772
Begin MonoManager ReloadAssembly
Registering precompiled unity dll's ...
Register platform support module: D:/Unity/2021.1.3f1/Editor/Data/PlaybackEngines/MacStandaloneSupport/UnityEditor.OSXStandalone.Extensions.dll
Register platform support module: D:/Unity/2021.1.3f1/Editor/Data/PlaybackEngines/WindowsStandaloneSupport/UnityEditor.WindowsStandalone.Extensions.dll
Registered in 0.001401 seconds.
Native extension for WindowsStandalone target not found
Native extension for OSXStandalone target not found
Refreshing native plugins compatible for Editor in 24.81 ms, found 0 plugins.
Preloading 0 native plugins for Editor in 0.00 ms.
Mono: successfully reloaded assembly
- Completed reload, in  1.501 seconds
Platform modules already initialized, skipping
Registering precompiled user dll's ...
Registered in 0.000935 seconds.
Begin MonoManager ReloadAssembly
Native extension for WindowsStandalone target not found
Native extension for OSXStandalone target not found
Refreshing native plugins compatible for Editor in 0.24 ms, found 0 plugins.
Preloading 0 native plugins for Editor in 0.00 ms.
Mono: successfully reloaded assembly
- Completed reload, in  0.915 seconds
Platform modules already initialized, skipping
========================================================================
Worker process is ready to serve import requests
Launched and connected shader compiler UnityShaderCompiler.exe after 0.05 seconds
Refreshing native plugins compatible for Editor in 0.24 ms, found 0 plugins.
Preloading 0 native plugins for Editor in 0.00 ms.
Unloading 1125 Unused Serialized files (Serialized files now loaded: 0)
System memory in use before: 58.8 MB.
System memory in use after: 58.8 MB.

Unloading 10 unused Assets to reduce memory usage. Loaded Objects now: 1582.
Total: 3.247700 ms (FindLiveObjects: 0.256000 ms CreateObjectMapping: 0.110600 ms MarkObjects: 2.773400 ms  DeleteObjects: 0.105200 ms)

========================================================================
Received Import Request.
  path: Assets
  artifactKey: Guid(00000000000000001000000000000000) Importer(815301076,1909f56bfc062723c751e8b465ee728b)
Start importing Assets using Guid(00000000000000001000000000000000) Importer(815301076,1909f56bfc062723c751e8b465ee728b)  -> (artifact id: '5770a91c91f03bcc446e90dde025852b') in 0.015533 seconds 
========================================================================
Received Import Request.
  Time since last request: 7.323643 seconds.
  path: Assets/Materials
  artifactKey: Guid(580baa5829c72f247928aa997c14cc69) Importer(815301076,1909f56bfc062723c751e8b465ee728b)
Start importing Assets/Materials using Guid(580baa5829c72f247928aa997c14cc69) Importer(815301076,1909f56bfc062723c751e8b465ee728b)  -> (artifact id: '9530c624fd743779d8bc65bee56e56c1') in 0.013036 seconds 
========================================================================
Received Import Request.
  Time since last request: 12.682652 seconds.
  path: Assets/Materials/Wall.mat
  artifactKey: Guid(3bff28317747d864f9c9babebe976512) Importer(815301076,1909f56bfc062723c751e8b465ee728b)
Start importing Assets/Materials/Wall.mat using Guid(3bff28317747d864f9c9babebe976512) Importer(815301076,1909f56bfc062723c751e8b465ee728b)  -> (artifact id: '41fcfd29d3cfe29c0cbbd94fbf6ae37d') in 0.130793 seconds 
========================================================================
Received Import Request.
  Time since last request: 56.885404 seconds.
  path: Assets/Materials/Wall.mat
  artifactKey: Guid(037aa4e289a83f04c849adb0107bbf3c) Importer(815301076,1909f56bfc062723c751e8b465ee728b)
Start importing Assets/Materials/Wall.mat using Guid(037aa4e289a83f04c849adb0107bbf3c) Importer(815301076,1909f56bfc062723c751e8b465ee728b)  -> (artifact id: 'c653ad0bbca07287431f9f9cca7622a1') in 0.014684 seconds 
========================================================================
Received Import Request.
  Time since last request: 94.801781 seconds.
  path: Assets/Materials/Ball.mat
  artifactKey: Guid(15732d857f63a3c4baf50f4584430a64) Importer(815301076,1909f56bfc062723c751e8b465ee728b)
Start importing Assets/Materials/Ball.mat using Guid(15732d857f63a3c4baf50f4584430a64) Importer(815301076,1909f56bfc062723c751e8b465ee728b)  -> (artifact id: 'd673fce57897ce44795e075a0a4639ae') in 0.015906 seconds 
========================================================================
Received Import Request.
  Time since last request: 23.393062 seconds.
  path: Assets/NewBehaviourScript.cs
  artifactKey: Guid(2ad8653d085a815488071e101a6bdb76) Importer(815301076,1909f56bfc062723c751e8b465ee728b)
Start importing Assets/NewBehaviourScript.cs using Guid(2ad8653d085a815488071e101a6bdb76) Importer(815301076,1909f56bfc062723c751e8b465ee728b)  -> (artifact id: '689f66e3089d73ab46c3760d14352ad3') in 0.017796 seconds 
========================================================================
Received Prepare
Registering precompiled user dll's ...
Registered in 0.001030 seconds.
Begin MonoManager ReloadAssembly
Native extension for WindowsStandalone target not found
Native extension for OSXStandalone target not found
Refreshing native plugins compatible for Editor in 0.24 ms, found 0 plugins.
Preloading 0 native plugins for Editor in 0.00 ms.
Mono: successfully reloaded assembly
- Completed reload, in  0.927 seconds
Platform modules already initialized, skipping
Refreshing native plugins compatible for Editor in 0.28 ms, found 0 plugins.
Preloading 0 native plugins for Editor in 0.00 ms.
Unloading 1120 Unused Serialized files (Serialized files now loaded: 0)
System memory in use before: 62.7 MB.
System memory in use after: 62.7 MB.

Unloading 5 unused Assets to reduce memory usage. Loaded Objects now: 1625.
Total: 2.440600 ms (FindLiveObjects: 0.171200 ms CreateObjectMapping: 0.039900 ms MarkObjects: 2.166800 ms  DeleteObjects: 0.061400 ms)

========================================================================
Received Import Request.
  Time since last request: 16.919140 seconds.
  path: Assets/Codes
  artifactKey: Guid(f6740904c1c2e7443ad32f76b58cae6b) Importer(815301076,1909f56bfc062723c751e8b465ee728b)
Start importing Assets/Codes using Guid(f6740904c1c2e7443ad32f76b58cae6b) Importer(815301076,1909f56bfc062723c751e8b465ee728b)  -> (artifact id: '8cf4c287493d449772fcc12b8aeb8106') in 0.013704 seconds 
========================================================================
Received Import Request.
  Time since last request: 36.556870 seconds.
  path: Assets/Prefabs
  artifactKey: Guid(359486b2c0eb50f488da12adc0062d01) Importer(815301076,1909f56bfc062723c751e8b465ee728b)
Start importing Assets/Prefabs using Guid(359486b2c0eb50f488da12adc0062d01) Importer(815301076,1909f56bfc062723c751e8b465ee728b)  -> (artifact id: 'f5804e1696b455947fed594dd8dd7ca9') in 0.011874 seconds 
AssetImportWorkerClient::OnTransportError - code=2 error=End of file
